<?xml version="1.0" encoding="UTF-8"?>
<testsuite xmlns:xsi="http://www.w3.org/2001/XMLSchema-instance" xsi:noNamespaceSchemaLocation="https://maven.apache.org/surefire/maven-surefire-plugin/xsd/surefire-test-report.xsd" name="com.harsh.product.dao.ProductDAOImplTest" time="0.019" tests="1" errors="0" skipped="0" failures="0">
  <properties>
    <property name="java.specification.version" value="17"/>
    <property name="sun.jnu.encoding" value="UTF-8"/>
    <property name="java.class.path" value="/home/harsh-victus/eclipse-workspace/productparent/productservices/target/test-classes:/home/harsh-victus/eclipse-workspace/productparent/productservices/target/classes:/home/harsh-victus/.m2/repository/junit/junit/4.11/junit-4.11.jar:/home/harsh-victus/.m2/repository/org/hamcrest/hamcrest-core/1.3/hamcrest-core-1.3.jar:/home/harsh-victus/.m2/repository/org/springframework/spring-context/5.3.22/spring-context-5.3.22.jar:/home/harsh-victus/.m2/repository/org/springframework/spring-aop/5.3.22/spring-aop-5.3.22.jar:/home/harsh-victus/.m2/repository/org/springframework/spring-beans/5.3.22/spring-beans-5.3.22.jar:/home/harsh-victus/.m2/repository/org/springframework/spring-core/5.3.22/spring-core-5.3.22.jar:/home/harsh-victus/.m2/repository/org/springframework/spring-jcl/5.3.22/spring-jcl-5.3.22.jar:/home/harsh-victus/.m2/repository/org/springframework/spring-expression/5.3.22/spring-expression-5.3.22.jar:"/>
    <property name="java.vm.vendor" value="Private Build"/>
    <property name="sun.arch.data.model" value="64"/>
    <property name="java.vendor.url" value="Unknown"/>
    <property name="os.name" value="Linux"/>
    <property name="java.vm.specification.version" value="17"/>
    <property name="sun.java.launcher" value="SUN_STANDARD"/>
    <property name="user.country" value="US"/>
    <property name="sun.boot.library.path" value="/usr/lib/jvm/java-17-openjdk-amd64/lib"/>
    <property name="sun.java.command" value="/home/harsh-victus/eclipse-workspace/productparent/productservices/target/surefire/surefirebooter12830728334044731925.jar /home/harsh-victus/eclipse-workspace/productparent/productservices/target/surefire 2022-09-13T13-55-25_866-jvmRun1 surefire13848817876741775679tmp surefire_07513271950064652362tmp"/>
    <property name="jdk.debug" value="release"/>
    <property name="surefire.test.class.path" value="/home/harsh-victus/eclipse-workspace/productparent/productservices/target/test-classes:/home/harsh-victus/eclipse-workspace/productparent/productservices/target/classes:/home/harsh-victus/.m2/repository/junit/junit/4.11/junit-4.11.jar:/home/harsh-victus/.m2/repository/org/hamcrest/hamcrest-core/1.3/hamcrest-core-1.3.jar:/home/harsh-victus/.m2/repository/org/springframework/spring-context/5.3.22/spring-context-5.3.22.jar:/home/harsh-victus/.m2/repository/org/springframework/spring-aop/5.3.22/spring-aop-5.3.22.jar:/home/harsh-victus/.m2/repository/org/springframework/spring-beans/5.3.22/spring-beans-5.3.22.jar:/home/harsh-victus/.m2/repository/org/springframework/spring-core/5.3.22/spring-core-5.3.22.jar:/home/harsh-victus/.m2/repository/org/springframework/spring-jcl/5.3.22/spring-jcl-5.3.22.jar:/home/harsh-victus/.m2/repository/org/springframework/spring-expression/5.3.22/spring-expression-5.3.22.jar:"/>
    <property name="sun.cpu.endian" value="little"/>
    <property name="user.home" value="/home/harsh-victus"/>
    <property name="user.language" value="en"/>
    <property name="java.specification.vendor" value="Oracle Corporation"/>
    <property name="java.version.date" value="2022-07-19"/>
    <property name="java.home" value="/usr/lib/jvm/java-17-openjdk-amd64"/>
    <property name="file.separator" value="/"/>
    <property name="basedir" value="/home/harsh-victus/eclipse-workspace/productparent/productservices"/>
    <property name="java.vm.compressedOopsMode" value="Zero based"/>
    <property name="line.separator" value="&#10;"/>
    <property name="java.vm.specification.vendor" value="Oracle Corporation"/>
    <property name="java.specification.name" value="Java Platform API Specification"/>
    <property name="surefire.real.class.path" value="/home/harsh-victus/eclipse-workspace/productparent/productservices/target/surefire/surefirebooter12830728334044731925.jar"/>
    <property name="sun.management.compiler" value="HotSpot 64-Bit Tiered Compilers"/>
    <property name="java.runtime.version" value="17.0.4+8-Ubuntu-122.04"/>
    <property name="user.name" value="harsh-victus"/>
    <property name="path.separator" value=":"/>
    <property name="os.version" value="5.19.0-76051900-generic"/>
    <property name="java.runtime.name" value="OpenJDK Runtime Environment"/>
    <property name="file.encoding" value="UTF-8"/>
    <property name="java.vm.name" value="OpenJDK 64-Bit Server VM"/>
    <property name="localRepository" value="/home/harsh-victus/.m2/repository"/>
    <property name="java.vendor.url.bug" value="Unknown"/>
    <property name="java.io.tmpdir" value="/tmp"/>
    <property name="java.version" value="17.0.4"/>
    <property name="user.dir" value="/home/harsh-victus/eclipse-workspace/productparent/productservices"/>
    <property name="os.arch" value="amd64"/>
    <property name="java.vm.specification.name" value="Java Virtual Machine Specification"/>
    <property name="native.encoding" value="UTF-8"/>
    <property name="java.library.path" value="/home/harsh-victus/Documents/ROS/install/turtlesim/lib:/opt/ros/humble/opt/rviz_ogre_vendor/lib:/opt/ros/humble/lib/x86_64-linux-gnu:/opt/ros/humble/lib:/usr/java/packages/lib:/usr/lib/x86_64-linux-gnu/jni:/lib/x86_64-linux-gnu:/usr/lib/x86_64-linux-gnu:/usr/lib/jni:/lib:/usr/lib"/>
    <property name="java.vm.info" value="mixed mode, sharing"/>
    <property name="java.vendor" value="Private Build"/>
    <property name="java.vm.version" value="17.0.4+8-Ubuntu-122.04"/>
    <property name="sun.io.unicode.encoding" value="UnicodeLittle"/>
    <property name="java.class.version" value="61.0"/>
  </properties>
  <testcase name="createShouldCreateAProduct" classname="com.harsh.product.dao.ProductDAOImplTest" time="0.001"/>
</testsuite>